This file contains any messages produced by compilers while
running configure, to aid debugging if configure makes a mistake.

It was created by automake-test configure 1.0, which was
generated by GNU Autoconf 2.69.  Invocation command line was

  $ ./configure 

## --------- ##
## Platform. ##
## --------- ##

hostname = mark-BM6AD-BM1AD-BP1AD
uname -m = x86_64
uname -r = 3.16.0-49-generic
uname -s = Linux
uname -v = #65~14.04.1-Ubuntu SMP Wed Sep 9 10:03:23 UTC 2015

/usr/bin/uname -p = unknown
/bin/uname -X     = unknown

/bin/arch              = unknown
/usr/bin/arch -k       = unknown
/usr/convex/getsysinfo = unknown
/usr/bin/hostinfo      = unknown
/bin/machine           = unknown
/usr/bin/oslevel       = unknown
/bin/universe          = unknown

PATH: /home/mark/Android/Ndk/android-ndk-r10e
PATH: /usr/local/sbin
PATH: /usr/local/bin
PATH: /usr/sbin
PATH: /usr/bin
PATH: /sbin
PATH: /bin
PATH: /usr/games
PATH: /usr/local/games


## ----------- ##
## Core tests. ##
## ----------- ##

configure:2162: checking for a BSD-compatible install
configure:2230: result: /usr/bin/install -c
configure:2241: checking whether build environment is sane
configure:2296: result: yes
configure:2447: checking for a thread-safe mkdir -p
configure:2486: result: /bin/mkdir -p
configure:2493: checking for gawk
configure:2523: result: no
configure:2493: checking for mawk
configure:2509: found /usr/bin/mawk
configure:2520: result: mawk
configure:2531: checking whether make sets $(MAKE)
configure:2553: result: yes
configure:2582: checking whether make supports nested variables
configure:2599: result: yes
configure:2753: checking build system type
configure:2767: result: x86_64-unknown-linux-gnu
configure:2787: checking host system type
configure:2800: result: x86_64-unknown-linux-gnu
configure:2841: checking how to print strings
configure:2868: result: printf
configure:2901: checking for style of include used by make
configure:2929: result: GNU
configure:3000: checking for gcc
configure:3016: found /usr/bin/gcc
configure:3027: result: gcc
configure:3256: checking for C compiler version
configure:3265: gcc --version >&5
gcc (Ubuntu/Linaro 4.4.7-8ubuntu1) 4.4.7
Copyright (C) 2010 Free Software Foundation, Inc.
This is free software; see the source for copying conditions.  There is NO
warranty; not even for MERCHANTABILITY or FITNESS FOR A PARTICULAR PURPOSE.

configure:3276: $? = 0
configure:3265: gcc -v >&5
Using built-in specs.
Target: x86_64-linux-gnu
Configured with: ../src/configure -v --with-pkgversion='Ubuntu/Linaro 4.4.7-8ubuntu1' --with-bugurl=file:///usr/share/doc/gcc-4.4/README.Bugs --enable-languages=c,c++,fortran --prefix=/usr --program-suffix=-4.4 --enable-shared --enable-linker-build-id --with-system-zlib --libexecdir=/usr/lib --without-included-gettext --enable-threads=posix --with-gxx-include-dir=/usr/include/c++/4.4 --libdir=/usr/lib --enable-nls --with-sysroot=/ --enable-clocale=gnu --enable-libstdcxx-debug --disable-libmudflap --disable-werror --with-arch-32=i686 --with-tune=generic --enable-checking=release --build=x86_64-linux-gnu --host=x86_64-linux-gnu --target=x86_64-linux-gnu
Thread model: posix
gcc version 4.4.7 (Ubuntu/Linaro 4.4.7-8ubuntu1) 
configure:3276: $? = 0
configure:3265: gcc -V >&5
gcc: '-V' option must have argument
configure:3276: $? = 1
configure:3265: gcc -qversion >&5
gcc: unrecognized option '-qversion'
gcc: no input files
configure:3276: $? = 1
configure:3296: checking whether the C compiler works
configure:3318: gcc    conftest.c  >&5
configure:3322: $? = 0
configure:3370: result: yes
configure:3373: checking for C compiler default output file name
configure:3375: result: a.out
configure:3381: checking for suffix of executables
configure:3388: gcc -o conftest    conftest.c  >&5
configure:3392: $? = 0
configure:3414: result: 
configure:3436: checking whether we are cross compiling
configure:3444: gcc -o conftest    conftest.c  >&5
configure:3448: $? = 0
configure:3455: ./conftest
configure:3459: $? = 0
configure:3474: result: no
configure:3479: checking for suffix of object files
configure:3501: gcc -c   conftest.c >&5
configure:3505: $? = 0
configure:3526: result: o
configure:3530: checking whether we are using the GNU C compiler
configure:3549: gcc -c   conftest.c >&5
configure:3549: $? = 0
configure:3558: result: yes
configure:3567: checking whether gcc accepts -g
configure:3587: gcc -c -g  conftest.c >&5
configure:3587: $? = 0
configure:3628: result: yes
configure:3645: checking for gcc option to accept ISO C89
configure:3708: gcc  -c -g -O2  conftest.c >&5
configure:3708: $? = 0
configure:3721: result: none needed
configure:3746: checking whether gcc understands -c and -o together
configure:3768: gcc -c conftest.c -o conftest2.o
configure:3771: $? = 0
configure:3768: gcc -c conftest.c -o conftest2.o
configure:3771: $? = 0
configure:3783: result: yes
configure:3802: checking dependency style of gcc
configure:3913: result: gcc3
configure:3928: checking for a sed that does not truncate output
configure:3992: result: /bin/sed
configure:4010: checking for grep that handles long lines and -e
configure:4068: result: /bin/grep
configure:4073: checking for egrep
configure:4135: result: /bin/grep -E
configure:4140: checking for fgrep
configure:4202: result: /bin/grep -F
configure:4237: checking for ld used by gcc
configure:4304: result: /usr/bin/ld
configure:4311: checking if the linker (/usr/bin/ld) is GNU ld
configure:4326: result: yes
configure:4338: checking for BSD- or MS-compatible name lister (nm)
configure:4387: result: /usr/bin/nm -B
configure:4517: checking the name lister (/usr/bin/nm -B) interface
configure:4524: gcc -c -g -O2  conftest.c >&5
configure:4527: /usr/bin/nm -B "conftest.o"
configure:4530: output
0000000000000000 B some_variable
configure:4537: result: BSD nm
configure:4540: checking whether ln -s works
configure:4544: result: yes
configure:4552: checking the maximum length of command line arguments
configure:4683: result: 1572864
configure:4700: checking whether the shell understands some XSI constructs
configure:4710: result: yes
configure:4714: checking whether the shell understands "+="
configure:4720: result: yes
configure:4755: checking how to convert x86_64-unknown-linux-gnu file names to x86_64-unknown-linux-gnu format
configure:4795: result: func_convert_file_noop
configure:4802: checking how to convert x86_64-unknown-linux-gnu file names to toolchain format
configure:4822: result: func_convert_file_noop
configure:4829: checking for /usr/bin/ld option to reload object files
configure:4836: result: -r
configure:4910: checking for objdump
configure:4926: found /usr/bin/objdump
configure:4937: result: objdump
configure:4969: checking how to recognize dependent libraries
configure:5167: result: pass_all
configure:5252: checking for dlltool
configure:5282: result: no
configure:5312: checking how to associate runtime and link libraries
configure:5339: result: printf %s\n
configure:5400: checking for ar
configure:5416: found /usr/bin/ar
configure:5427: result: ar
configure:5464: checking for archiver @FILE support
configure:5481: gcc -c -g -O2  conftest.c >&5
configure:5481: $? = 0
configure:5484: ar cru libconftest.a @conftest.lst >&5
configure:5487: $? = 0
configure:5492: ar cru libconftest.a @conftest.lst >&5
ar: conftest.o: No such file or directory
configure:5495: $? = 1
configure:5507: result: @
configure:5565: checking for strip
configure:5581: found /usr/bin/strip
configure:5592: result: strip
configure:5664: checking for ranlib
configure:5680: found /usr/bin/ranlib
configure:5691: result: ranlib
configure:5793: checking command to parse /usr/bin/nm -B output from gcc object
configure:5913: gcc -c -g -O2  conftest.c >&5
configure:5916: $? = 0
configure:5920: /usr/bin/nm -B conftest.o \| sed -n -e 's/^.*[ ]\([ABCDGIRSTW][ABCDGIRSTW]*\)[ ][ ]*\([_A-Za-z][_A-Za-z0-9]*\)$/\1 \2 \2/p' | sed '/ __gnu_lto/d' \> conftest.nm
configure:5923: $? = 0
configure:5989: gcc -o conftest -g -O2   conftest.c conftstm.o >&5
configure:5992: $? = 0
configure:6030: result: ok
configure:6067: checking for sysroot
configure:6097: result: no
configure:6174: gcc -c -g -O2  conftest.c >&5
configure:6177: $? = 0
configure:6366: checking for mt
configure:6382: found /bin/mt
configure:6393: result: mt
configure:6416: checking if mt is a manifest tool
configure:6422: mt '-?'
configure:6430: result: no
configure:7072: checking how to run the C preprocessor
configure:7103: gcc -E  conftest.c
configure:7103: $? = 0
configure:7117: gcc -E  conftest.c
conftest.c:11: fatal error: ac_nonexistent.h: No such file or directory
compilation terminated.
configure:7117: $? = 1
configure: failed program was:
| /* confdefs.h */
| #define PACKAGE_NAME "automake-test"
| #define PACKAGE_TARNAME "automake-test"
| #define PACKAGE_VERSION "1.0"
| #define PACKAGE_STRING "automake-test 1.0"
| #define PACKAGE_BUGREPORT "null"
| #define PACKAGE_URL ""
| #define PACKAGE "automake-test"
| #define VERSION "1.0"
| /* end confdefs.h.  */
| #include <ac_nonexistent.h>
configure:7142: result: gcc -E
configure:7162: gcc -E  conftest.c
configure:7162: $? = 0
configure:7176: gcc -E  conftest.c
conftest.c:11: fatal error: ac_nonexistent.h: No such file or directory
compilation terminated.
configure:7176: $? = 1
configure: failed program was:
| /* confdefs.h */
| #define PACKAGE_NAME "automake-test"
| #define PACKAGE_TARNAME "automake-test"
| #define PACKAGE_VERSION "1.0"
| #define PACKAGE_STRING "automake-test 1.0"
| #define PACKAGE_BUGREPORT "null"
| #define PACKAGE_URL ""
| #define PACKAGE "automake-test"
| #define VERSION "1.0"
| /* end confdefs.h.  */
| #include <ac_nonexistent.h>
configure:7205: checking for ANSI C header files
configure:7225: gcc -c -g -O2  conftest.c >&5
configure:7225: $? = 0
configure:7298: gcc -o conftest -g -O2   conftest.c  >&5
configure:7298: $? = 0
configure:7298: ./conftest
configure:7298: $? = 0
configure:7309: result: yes
configure:7322: checking for sys/types.h
configure:7322: gcc -c -g -O2  conftest.c >&5
configure:7322: $? = 0
configure:7322: result: yes
configure:7322: checking for sys/stat.h
configure:7322: gcc -c -g -O2  conftest.c >&5
configure:7322: $? = 0
configure:7322: result: yes
configure:7322: checking for stdlib.h
configure:7322: gcc -c -g -O2  conftest.c >&5
configure:7322: $? = 0
configure:7322: result: yes
configure:7322: checking for string.h
configure:7322: gcc -c -g -O2  conftest.c >&5
configure:7322: $? = 0
configure:7322: result: yes
configure:7322: checking for memory.h
configure:7322: gcc -c -g -O2  conftest.c >&5
configure:7322: $? = 0
configure:7322: result: yes
configure:7322: checking for strings.h
configure:7322: gcc -c -g -O2  conftest.c >&5
configure:7322: $? = 0
configure:7322: result: yes
configure:7322: checking for inttypes.h
configure:7322: gcc -c -g -O2  conftest.c >&5
configure:7322: $? = 0
configure:7322: result: yes
configure:7322: checking for stdint.h
configure:7322: gcc -c -g -O2  conftest.c >&5
configure:7322: $? = 0
configure:7322: result: yes
configure:7322: checking for unistd.h
configure:7322: gcc -c -g -O2  conftest.c >&5
configure:7322: $? = 0
configure:7322: result: yes
configure:7336: checking for dlfcn.h
configure:7336: gcc -c -g -O2  conftest.c >&5
configure:7336: $? = 0
configure:7336: result: yes
configure:7542: checking for objdir
configure:7557: result: .libs
configure:7824: checking if gcc supports -fno-rtti -fno-exceptions
configure:7842: gcc -c -g -O2  -fno-rtti -fno-exceptions conftest.c >&5
cc1: warning: command line option "-fno-rtti" is valid for C++/ObjC++ but not for C
configure:7846: $? = 0
configure:7859: result: no
configure:8186: checking for gcc option to produce PIC
configure:8193: result: -fPIC -DPIC
configure:8201: checking if gcc PIC flag -fPIC -DPIC works
configure:8219: gcc -c -g -O2  -fPIC -DPIC -DPIC conftest.c >&5
configure:8223: $? = 0
configure:8236: result: yes
configure:8265: checking if gcc static flag -static works
configure:8293: result: yes
configure:8308: checking if gcc supports -c -o file.o
configure:8329: gcc -c -g -O2  -o out/conftest2.o conftest.c >&5
configure:8333: $? = 0
configure:8355: result: yes
configure:8363: checking if gcc supports -c -o file.o
configure:8410: result: yes
configure:8443: checking whether the gcc linker (/usr/bin/ld -m elf_x86_64) supports shared libraries
configure:9600: result: yes
configure:9637: checking whether -lc should be explicitly linked in
configure:9645: gcc -c -g -O2  conftest.c >&5
configure:9648: $? = 0
configure:9663: gcc -shared  -fPIC -DPIC conftest.o  -v -Wl,-soname -Wl,conftest -o conftest 2\>\&1 \| /bin/grep  -lc  \>/dev/null 2\>\&1
configure:9666: $? = 0
configure:9680: result: no
configure:9840: checking dynamic linker characteristics
configure:10340: gcc -o conftest -g -O2   -Wl,-rpath -Wl,/foo conftest.c  >&5
configure:10340: $? = 0
configure:10574: result: GNU/Linux ld.so
configure:10681: checking how to hardcode library paths into programs
configure:10706: result: immediate
configure:11246: checking whether stripping libraries is possible
configure:11251: result: yes
configure:11286: checking if libtool supports shared libraries
configure:11288: result: yes
configure:11291: checking whether to build shared libraries
configure:11312: result: yes
configure:11315: checking whether to build static libraries
configure:11319: result: yes
configure:11405: checking for gcc
configure:11432: result: gcc
configure:11661: checking for C compiler version
configure:11670: gcc --version >&5
gcc (Ubuntu/Linaro 4.4.7-8ubuntu1) 4.4.7
Copyright (C) 2010 Free Software Foundation, Inc.
This is free software; see the source for copying conditions.  There is NO
warranty; not even for MERCHANTABILITY or FITNESS FOR A PARTICULAR PURPOSE.

configure:11681: $? = 0
configure:11670: gcc -v >&5
Using built-in specs.
Target: x86_64-linux-gnu
Configured with: ../src/configure -v --with-pkgversion='Ubuntu/Linaro 4.4.7-8ubuntu1' --with-bugurl=file:///usr/share/doc/gcc-4.4/README.Bugs --enable-languages=c,c++,fortran --prefix=/usr --program-suffix=-4.4 --enable-shared --enable-linker-build-id --with-system-zlib --libexecdir=/usr/lib --without-included-gettext --enable-threads=posix --with-gxx-include-dir=/usr/include/c++/4.4 --libdir=/usr/lib --enable-nls --with-sysroot=/ --enable-clocale=gnu --enable-libstdcxx-debug --disable-libmudflap --disable-werror --with-arch-32=i686 --with-tune=generic --enable-checking=release --build=x86_64-linux-gnu --host=x86_64-linux-gnu --target=x86_64-linux-gnu
Thread model: posix
gcc version 4.4.7 (Ubuntu/Linaro 4.4.7-8ubuntu1) 
configure:11681: $? = 0
configure:11670: gcc -V >&5
gcc: '-V' option must have argument
configure:11681: $? = 1
configure:11670: gcc -qversion >&5
gcc: unrecognized option '-qversion'
gcc: no input files
configure:11681: $? = 1
configure:11685: checking whether we are using the GNU C compiler
configure:11713: result: yes
configure:11722: checking whether gcc accepts -g
configure:11783: result: yes
configure:11800: checking for gcc option to accept ISO C89
configure:11876: result: none needed
configure:11901: checking whether gcc understands -c and -o together
configure:11938: result: yes
configure:11957: checking dependency style of gcc
configure:12068: result: gcc3
configure:12203: checking that generated files are newer than configure
configure:12209: result: done
configure:12236: creating ./config.status

## ---------------------- ##
## Running config.status. ##
## ---------------------- ##

This file was extended by automake-test config.status 1.0, which was
generated by GNU Autoconf 2.69.  Invocation command line was

  CONFIG_FILES    = 
  CONFIG_HEADERS  = 
  CONFIG_LINKS    = 
  CONFIG_COMMANDS = 
  $ ./config.status 

on mark-BM6AD-BM1AD-BP1AD

config.status:1081: creating Makefile
config.status:1081: creating src/Makefile
config.status:1081: creating config.h
config.status:1310: executing depfiles commands
config.status:1310: executing libtool commands

## ---------------- ##
## Cache variables. ##
## ---------------- ##

ac_cv_build=x86_64-unknown-linux-gnu
ac_cv_c_compiler_gnu=yes
ac_cv_env_CC_set=
ac_cv_env_CC_value=
ac_cv_env_CFLAGS_set=
ac_cv_env_CFLAGS_value=
ac_cv_env_CPPFLAGS_set=
ac_cv_env_CPPFLAGS_value=
ac_cv_env_CPP_set=
ac_cv_env_CPP_value=
ac_cv_env_LDFLAGS_set=
ac_cv_env_LDFLAGS_value=
ac_cv_env_LIBS_set=
ac_cv_env_LIBS_value=
ac_cv_env_build_alias_set=
ac_cv_env_build_alias_value=
ac_cv_env_host_alias_set=
ac_cv_env_host_alias_value=
ac_cv_env_target_alias_set=
ac_cv_env_target_alias_value=
ac_cv_header_dlfcn_h=yes
ac_cv_header_inttypes_h=yes
ac_cv_header_memory_h=yes
ac_cv_header_stdc=yes
ac_cv_header_stdint_h=yes
ac_cv_header_stdlib_h=yes
ac_cv_header_string_h=yes
ac_cv_header_strings_h=yes
ac_cv_header_sys_stat_h=yes
ac_cv_header_sys_types_h=yes
ac_cv_header_unistd_h=yes
ac_cv_host=x86_64-unknown-linux-gnu
ac_cv_objext=o
ac_cv_path_EGREP='/bin/grep -E'
ac_cv_path_FGREP='/bin/grep -F'
ac_cv_path_GREP=/bin/grep
ac_cv_path_SED=/bin/sed
ac_cv_path_install='/usr/bin/install -c'
ac_cv_path_mkdir=/bin/mkdir
ac_cv_prog_AWK=mawk
ac_cv_prog_CPP='gcc -E'
ac_cv_prog_ac_ct_AR=ar
ac_cv_prog_ac_ct_CC=gcc
ac_cv_prog_ac_ct_MANIFEST_TOOL=mt
ac_cv_prog_ac_ct_OBJDUMP=objdump
ac_cv_prog_ac_ct_RANLIB=ranlib
ac_cv_prog_ac_ct_STRIP=strip
ac_cv_prog_cc_c89=
ac_cv_prog_cc_g=yes
ac_cv_prog_make_make_set=yes
am_cv_CC_dependencies_compiler_type=gcc3
am_cv_make_support_nested_variables=yes
am_cv_prog_cc_c_o=yes
lt_cv_ar_at_file=@
lt_cv_archive_cmds_need_lc=no
lt_cv_deplibs_check_method=pass_all
lt_cv_file_magic_cmd='$MAGIC_CMD'
lt_cv_file_magic_test_file=
lt_cv_ld_reload_flag=-r
lt_cv_nm_interface='BSD nm'
lt_cv_objdir=.libs
lt_cv_path_LD=/usr/bin/ld
lt_cv_path_NM='/usr/bin/nm -B'
lt_cv_path_mainfest_tool=no
lt_cv_prog_compiler_c_o=yes
lt_cv_prog_compiler_pic='-fPIC -DPIC'
lt_cv_prog_compiler_pic_works=yes
lt_cv_prog_compiler_rtti_exceptions=no
lt_cv_prog_compiler_static_works=yes
lt_cv_prog_gnu_ld=yes
lt_cv_sharedlib_from_linklib_cmd='printf %s\n'
lt_cv_shlibpath_overrides_runpath=no
lt_cv_sys_global_symbol_pipe='sed -n -e '\''s/^.*[	 ]\([ABCDGIRSTW][ABCDGIRSTW]*\)[	 ][	 ]*\([_A-Za-z][_A-Za-z0-9]*\)$/\1 \2 \2/p'\'' | sed '\''/ __gnu_lto/d'\'''
lt_cv_sys_global_symbol_to_c_name_address='sed -n -e '\''s/^: \([^ ]*\)[ ]*$/  {\"\1\", (void *) 0},/p'\'' -e '\''s/^[ABCDGIRSTW]* \([^ ]*\) \([^ ]*\)$/  {"\2", (void *) \&\2},/p'\'''
lt_cv_sys_global_symbol_to_c_name_address_lib_prefix='sed -n -e '\''s/^: \([^ ]*\)[ ]*$/  {\"\1\", (void *) 0},/p'\'' -e '\''s/^[ABCDGIRSTW]* \([^ ]*\) \(lib[^ ]*\)$/  {"\2", (void *) \&\2},/p'\'' -e '\''s/^[ABCDGIRSTW]* \([^ ]*\) \([^ ]*\)$/  {"lib\2", (void *) \&\2},/p'\'''
lt_cv_sys_global_symbol_to_cdecl='sed -n -e '\''s/^T .* \(.*\)$/extern int \1();/p'\'' -e '\''s/^[ABCDGIRSTW]* .* \(.*\)$/extern char \1;/p'\'''
lt_cv_sys_max_cmd_len=1572864
lt_cv_to_host_file_cmd=func_convert_file_noop
lt_cv_to_tool_file_cmd=func_convert_file_noop

## ----------------- ##
## Output variables. ##
## ----------------- ##

ACLOCAL='${SHELL} /home/mark/studio/shell/learning/c/linuxc/automake/missing aclocal-1.14'
AMDEPBACKSLASH='\'
AMDEP_FALSE='#'
AMDEP_TRUE=''
AMTAR='$${TAR-tar}'
AM_BACKSLASH='\'
AM_DEFAULT_V='$(AM_DEFAULT_VERBOSITY)'
AM_DEFAULT_VERBOSITY='1'
AM_V='$(V)'
AR='ar'
AUTOCONF='${SHELL} /home/mark/studio/shell/learning/c/linuxc/automake/missing autoconf'
AUTOHEADER='${SHELL} /home/mark/studio/shell/learning/c/linuxc/automake/missing autoheader'
AUTOMAKE='${SHELL} /home/mark/studio/shell/learning/c/linuxc/automake/missing automake-1.14'
AWK='mawk'
CC='gcc'
CCDEPMODE='depmode=gcc3'
CFLAGS='-g -O2'
CPP='gcc -E'
CPPFLAGS=''
CYGPATH_W='echo'
DEFS='-DHAVE_CONFIG_H'
DEPDIR='.deps'
DLLTOOL='false'
DSYMUTIL=''
DUMPBIN=''
ECHO_C=''
ECHO_N='-n'
ECHO_T=''
EGREP='/bin/grep -E'
EXEEXT=''
FGREP='/bin/grep -F'
GREP='/bin/grep'
INSTALL_DATA='${INSTALL} -m 644'
INSTALL_PROGRAM='${INSTALL}'
INSTALL_SCRIPT='${INSTALL}'
INSTALL_STRIP_PROGRAM='$(install_sh) -c -s'
LD='/usr/bin/ld -m elf_x86_64'
LDFLAGS=''
LIBOBJS=''
LIBS=''
LIBTOOL='$(SHELL) $(top_builddir)/libtool'
LIPO=''
LN_S='ln -s'
LTLIBOBJS=''
MAKEINFO='${SHELL} /home/mark/studio/shell/learning/c/linuxc/automake/missing makeinfo'
MANIFEST_TOOL=':'
MKDIR_P='/bin/mkdir -p'
NM='/usr/bin/nm -B'
NMEDIT=''
OBJDUMP='objdump'
OBJEXT='o'
OTOOL64=''
OTOOL=''
PACKAGE='automake-test'
PACKAGE_BUGREPORT='null'
PACKAGE_NAME='automake-test'
PACKAGE_STRING='automake-test 1.0'
PACKAGE_TARNAME='automake-test'
PACKAGE_URL=''
PACKAGE_VERSION='1.0'
PATH_SEPARATOR=':'
RANLIB='ranlib'
SED='/bin/sed'
SET_MAKE=''
SHELL='/bin/bash'
STRIP='strip'
VERSION='1.0'
ac_ct_AR='ar'
ac_ct_CC='gcc'
ac_ct_DUMPBIN=''
am__EXEEXT_FALSE=''
am__EXEEXT_TRUE='#'
am__fastdepCC_FALSE='#'
am__fastdepCC_TRUE=''
am__include='include'
am__isrc=''
am__leading_dot='.'
am__nodep='_no'
am__quote=''
am__tar='$${TAR-tar} chof - "$$tardir"'
am__untar='$${TAR-tar} xf -'
bindir='${exec_prefix}/bin'
build='x86_64-unknown-linux-gnu'
build_alias=''
build_cpu='x86_64'
build_os='linux-gnu'
build_vendor='unknown'
datadir='${datarootdir}'
datarootdir='${prefix}/share'
docdir='${datarootdir}/doc/${PACKAGE_TARNAME}'
dvidir='${docdir}'
exec_prefix='${prefix}'
host='x86_64-unknown-linux-gnu'
host_alias=''
host_cpu='x86_64'
host_os='linux-gnu'
host_vendor='unknown'
htmldir='${docdir}'
includedir='${prefix}/include'
infodir='${datarootdir}/info'
install_sh='${SHELL} /home/mark/studio/shell/learning/c/linuxc/automake/install-sh'
libdir='${exec_prefix}/lib'
libexecdir='${exec_prefix}/libexec'
localedir='${datarootdir}/locale'
localstatedir='${prefix}/var'
mandir='${datarootdir}/man'
mkdir_p='$(MKDIR_P)'
oldincludedir='/usr/include'
pdfdir='${docdir}'
prefix='/usr/local'
program_transform_name='s,x,x,'
psdir='${docdir}'
sbindir='${exec_prefix}/sbin'
sharedstatedir='${prefix}/com'
sysconfdir='${prefix}/etc'
target_alias=''

## ----------- ##
## confdefs.h. ##
## ----------- ##

/* confdefs.h */
#define PACKAGE_NAME "automake-test"
#define PACKAGE_TARNAME "automake-test"
#define PACKAGE_VERSION "1.0"
#define PACKAGE_STRING "automake-test 1.0"
#define PACKAGE_BUGREPORT "null"
#define PACKAGE_URL ""
#define PACKAGE "automake-test"
#define VERSION "1.0"
#define STDC_HEADERS 1
#define HAVE_SYS_TYPES_H 1
#define HAVE_SYS_STAT_H 1
#define HAVE_STDLIB_H 1
#define HAVE_STRING_H 1
#define HAVE_MEMORY_H 1
#define HAVE_STRINGS_H 1
#define HAVE_INTTYPES_H 1
#define HAVE_STDINT_H 1
#define HAVE_UNISTD_H 1
#define HAVE_DLFCN_H 1
#define LT_OBJDIR ".libs/"

configure: exit 0
